<?xml version="1.0" encoding="UTF-8"?>
<!-- Generated by org.testng.reporters.JUnitXMLReporter -->
<testsuite ignored="3" hostname="NBPF1GY9GR" failures="1" tests="5" name="Test" time="7.67" errors="0" timestamp="2024-12-05T15:16:27 IST">
  <testcase classname="testCases.HomePage" name="verify_homePageTitle" time="0.03"/>
  <testcase classname="testCases.HomePage" name="homePageTitle_errortest" time="0.044"/>
  <testcase classname="testCases.HomePage" name="clickOn_automobileLink" time="1.682"/>
  <testcase classname="testCases.VehicleData_EndToEndTests" name="verify_VehicleData" time="5.192"/>
  <testcase classname="testCases.VehicleData_ErrorTests" name="verify_VehicleData" time="0.022">
    <failure type="java.lang.AssertionError" message="Page title is not as expected expected [test] but found [Select Price Option]">
      <![CDATA[java.lang.AssertionError: Page title is not as expected expected [test] but found [Select Price Option]
at testCases.VehicleData_ErrorTests.verify_VehicleData(VehicleData_ErrorTests.java:16)
at java.base/java.util.ArrayList.forEach(ArrayList.java:1511)
... Removed 32 stack frames]]>
    </failure>
  </testcase> <!-- verify_VehicleData -->
  <testcase classname="testBase.BaseClass" name="@BeforeTest setupMethods" time="0.0">
    <ignored/>
  </testcase> <!-- @BeforeTest setupMethods -->
  <testcase classname="testBase.BaseClass" name="@BeforeSuite launchBrowser" time="0.0">
    <ignored/>
  </testcase> <!-- @BeforeSuite launchBrowser -->
  <testcase classname="testBase.BaseClass" name="@AfterTest endReport" time="0.0">
    <ignored/>
  </testcase> <!-- @AfterTest endReport -->
</testsuite> <!-- Test -->
