<?xml version="1.0" encoding="UTF-8"?>
<testng-results ignored="3" total="8" passed="4" failed="1" skipped="0">
  <reporter-output>
  </reporter-output>
  <suite started-at="2024-12-05T15:16:19 IST" name="Suite" finished-at="2024-12-05T15:16:27 IST" duration-ms="7670">
    <groups>
    </groups>
    <test started-at="2024-12-05T15:16:19 IST" name="Test" finished-at="2024-12-05T15:16:27 IST" duration-ms="7670">
      <class name="testCases.VehicleData_ErrorTests">
        <test-method signature="verify_VehicleData()[pri:0, instance:testCases.VehicleData_ErrorTests@52f27fbd]" started-at="2024-12-05T15:16:26 IST" name="verify_VehicleData" finished-at="2024-12-05T15:16:26 IST" duration-ms="22" status="FAIL">
          <exception class="java.lang.AssertionError">
            <message>
              <![CDATA[Page title is not as expected expected [test] but found [Select Price Option]]]>
            </message>
            <full-stacktrace>
              <![CDATA[java.lang.AssertionError: Page title is not as expected expected [test] but found [Select Price Option]
at org.testng.Assert.fail(Assert.java:110)
at org.testng.Assert.failNotEquals(Assert.java:1577)
at org.testng.Assert.assertEqualsImpl(Assert.java:149)
at org.testng.Assert.assertEquals(Assert.java:131)
at org.testng.Assert.assertEquals(Assert.java:655)
at testCases.VehicleData_ErrorTests.verify_VehicleData(VehicleData_ErrorTests.java:16)
at java.base/jdk.internal.reflect.NativeMethodAccessorImpl.invoke0(Native Method)
at java.base/jdk.internal.reflect.NativeMethodAccessorImpl.invoke(NativeMethodAccessorImpl.java:77)
at java.base/jdk.internal.reflect.DelegatingMethodAccessorImpl.invoke(DelegatingMethodAccessorImpl.java:43)
at java.base/java.lang.reflect.Method.invoke(Method.java:568)
at org.testng.internal.invokers.MethodInvocationHelper.invokeMethod(MethodInvocationHelper.java:139)
at org.testng.internal.invokers.TestInvoker.invokeMethod(TestInvoker.java:677)
at org.testng.internal.invokers.TestInvoker.invokeTestMethod(TestInvoker.java:221)
at org.testng.internal.invokers.MethodRunner.runInSequence(MethodRunner.java:50)
at org.testng.internal.invokers.TestInvoker$MethodInvocationAgent.invoke(TestInvoker.java:969)
at org.testng.internal.invokers.TestInvoker.invokeTestMethods(TestInvoker.java:194)
at org.testng.internal.invokers.TestMethodWorker.invokeTestMethods(TestMethodWorker.java:148)
at org.testng.internal.invokers.TestMethodWorker.run(TestMethodWorker.java:128)
at java.base/java.util.ArrayList.forEach(ArrayList.java:1511)
at org.testng.TestRunner.privateRun(TestRunner.java:829)
at org.testng.TestRunner.run(TestRunner.java:602)
at org.testng.SuiteRunner.runTest(SuiteRunner.java:437)
at org.testng.SuiteRunner.runSequentially(SuiteRunner.java:431)
at org.testng.SuiteRunner.privateRun(SuiteRunner.java:391)
at org.testng.SuiteRunner.run(SuiteRunner.java:330)
at org.testng.SuiteRunnerWorker.runSuite(SuiteRunnerWorker.java:52)
at org.testng.SuiteRunnerWorker.run(SuiteRunnerWorker.java:95)
at org.testng.TestNG.runSuitesSequentially(TestNG.java:1256)
at org.testng.TestNG.runSuitesLocally(TestNG.java:1176)
at org.testng.TestNG.runSuites(TestNG.java:1099)
at org.testng.TestNG.run(TestNG.java:1067)
at org.testng.remote.AbstractRemoteTestNG.run(AbstractRemoteTestNG.java:115)
at org.testng.remote.RemoteTestNG.initAndRun(RemoteTestNG.java:251)
at org.testng.remote.RemoteTestNG.main(RemoteTestNG.java:77)
]]>
            </full-stacktrace>
          </exception> <!-- java.lang.AssertionError -->
          <reporter-output>
          </reporter-output>
        </test-method> <!-- verify_VehicleData -->
      </class> <!-- testCases.VehicleData_ErrorTests -->
      <class name="testCases.HomePage">
        <test-method is-config="true" signature="launchBrowser()[pri:0, instance:testCases.HomePage@576d5deb]" started-at="2024-12-05T15:16:10 IST" name="launchBrowser" finished-at="2024-12-05T15:16:19 IST" duration-ms="9409" status="PASS">
          <reporter-output>
          </reporter-output>
        </test-method> <!-- launchBrowser -->
        <test-method is-config="true" signature="setupMethods()[pri:0, instance:testCases.HomePage@576d5deb]" started-at="2024-12-05T15:16:19 IST" name="setupMethods" finished-at="2024-12-05T15:16:19 IST" duration-ms="21" status="PASS">
          <reporter-output>
          </reporter-output>
        </test-method> <!-- setupMethods -->
        <test-method is-config="true" signature="onStart(org.testng.ITestResult)[pri:0, instance:testCases.HomePage@576d5deb]" started-at="2024-12-05T15:16:19 IST" name="onStart" finished-at="2024-12-05T15:16:19 IST" duration-ms="15" status="PASS">
          <params>
            <param index="0">
              <value>
                <![CDATA[[TestResult name={null} status=CREATED method=HomePage.verify_homePageTitle()[pri:0, instance:testCases.HomePage@576d5deb] output={null}]]]>
              </value>
            </param>
          </params>
          <reporter-output>
          </reporter-output>
        </test-method> <!-- onStart -->
        <test-method signature="verify_homePageTitle()[pri:0, instance:testCases.HomePage@576d5deb]" started-at="2024-12-05T15:16:19 IST" name="verify_homePageTitle" finished-at="2024-12-05T15:16:19 IST" duration-ms="30" status="PASS">
          <reporter-output>
          </reporter-output>
        </test-method> <!-- verify_homePageTitle -->
        <test-method is-config="true" signature="getResult(org.testng.ITestResult)[pri:0, instance:testCases.HomePage@576d5deb]" started-at="2024-12-05T15:16:19 IST" name="getResult" finished-at="2024-12-05T15:16:19 IST" duration-ms="17" status="PASS">
          <params>
            <param index="0">
              <value>
                <![CDATA[[TestResult name=verify_homePageTitle status=SUCCESS method=HomePage.verify_homePageTitle()[pri:0, instance:testCases.HomePage@576d5deb] output={null}]]]>
              </value>
            </param>
          </params>
          <reporter-output>
          </reporter-output>
        </test-method> <!-- getResult -->
        <test-method is-config="true" signature="onStart(org.testng.ITestResult)[pri:0, instance:testCases.HomePage@576d5deb]" started-at="2024-12-05T15:16:19 IST" name="onStart" finished-at="2024-12-05T15:16:19 IST" duration-ms="3" status="PASS">
          <params>
            <param index="0">
              <value>
                <![CDATA[[TestResult name={null} status=CREATED method=HomePage.homePageTitle_errortest()[pri:1, instance:testCases.HomePage@576d5deb] output={null}]]]>
              </value>
            </param>
          </params>
          <reporter-output>
          </reporter-output>
        </test-method> <!-- onStart -->
        <test-method signature="homePageTitle_errortest()[pri:1, instance:testCases.HomePage@576d5deb]" started-at="2024-12-05T15:16:19 IST" name="homePageTitle_errortest" finished-at="2024-12-05T15:16:19 IST" duration-ms="44" status="PASS">
          <reporter-output>
          </reporter-output>
        </test-method> <!-- homePageTitle_errortest -->
        <test-method is-config="true" signature="getResult(org.testng.ITestResult)[pri:0, instance:testCases.HomePage@576d5deb]" started-at="2024-12-05T15:16:19 IST" name="getResult" finished-at="2024-12-05T15:16:19 IST" duration-ms="1" status="PASS">
          <params>
            <param index="0">
              <value>
                <![CDATA[[TestResult name=homePageTitle_errortest status=SUCCESS method=HomePage.homePageTitle_errortest()[pri:1, instance:testCases.HomePage@576d5deb] output={null}]]]>
              </value>
            </param>
          </params>
          <reporter-output>
          </reporter-output>
        </test-method> <!-- getResult -->
        <test-method is-config="true" signature="onStart(org.testng.ITestResult)[pri:0, instance:testCases.HomePage@576d5deb]" started-at="2024-12-05T15:16:19 IST" name="onStart" finished-at="2024-12-05T15:16:19 IST" duration-ms="1" status="PASS">
          <params>
            <param index="0">
              <value>
                <![CDATA[[TestResult name={null} status=CREATED method=HomePage.clickOn_automobileLink()[pri:2, instance:testCases.HomePage@576d5deb] output={null}]]]>
              </value>
            </param>
          </params>
          <reporter-output>
          </reporter-output>
        </test-method> <!-- onStart -->
        <test-method signature="clickOn_automobileLink()[pri:2, instance:testCases.HomePage@576d5deb]" started-at="2024-12-05T15:16:19 IST" name="clickOn_automobileLink" finished-at="2024-12-05T15:16:21 IST" duration-ms="1682" status="PASS">
          <reporter-output>
          </reporter-output>
        </test-method> <!-- clickOn_automobileLink -->
        <test-method is-config="true" signature="getResult(org.testng.ITestResult)[pri:0, instance:testCases.HomePage@576d5deb]" started-at="2024-12-05T15:16:21 IST" name="getResult" finished-at="2024-12-05T15:16:21 IST" duration-ms="4" status="PASS">
          <params>
            <param index="0">
              <value>
                <![CDATA[[TestResult name=clickOn_automobileLink status=SUCCESS method=HomePage.clickOn_automobileLink()[pri:2, instance:testCases.HomePage@576d5deb] output={null}]]]>
              </value>
            </param>
          </params>
          <reporter-output>
          </reporter-output>
        </test-method> <!-- getResult -->
        <test-method is-config="true" signature="endReport()[pri:0, instance:testCases.HomePage@576d5deb]" started-at="2024-12-05T15:16:26 IST" name="endReport" finished-at="2024-12-05T15:16:27 IST" duration-ms="502" status="PASS">
          <reporter-output>
          </reporter-output>
        </test-method> <!-- endReport -->
      </class> <!-- testCases.HomePage -->
      <class name="testCases.VehicleData_EndToEndTests">
        <test-method is-config="true" signature="onStart(org.testng.ITestResult)[pri:0, instance:testCases.VehicleData_EndToEndTests@6221a451]" started-at="2024-12-05T15:16:21 IST" name="onStart" finished-at="2024-12-05T15:16:21 IST" duration-ms="1" status="PASS">
          <params>
            <param index="0">
              <value>
                <![CDATA[[TestResult name={null} status=CREATED method=VehicleData_EndToEndTests.verify_VehicleData()[pri:0, instance:testCases.VehicleData_EndToEndTests@6221a451] output={null}]]]>
              </value>
            </param>
          </params>
          <reporter-output>
          </reporter-output>
        </test-method> <!-- onStart -->
        <test-method signature="verify_VehicleData()[pri:0, instance:testCases.VehicleData_EndToEndTests@6221a451]" started-at="2024-12-05T15:16:21 IST" name="verify_VehicleData" finished-at="2024-12-05T15:16:26 IST" duration-ms="5192" status="PASS">
          <reporter-output>
          </reporter-output>
        </test-method> <!-- verify_VehicleData -->
        <test-method is-config="true" signature="getResult(org.testng.ITestResult)[pri:0, instance:testCases.VehicleData_EndToEndTests@6221a451]" started-at="2024-12-05T15:16:26 IST" name="getResult" finished-at="2024-12-05T15:16:26 IST" duration-ms="1" status="PASS">
          <params>
            <param index="0">
              <value>
                <![CDATA[[TestResult name=verify_VehicleData status=SUCCESS method=VehicleData_EndToEndTests.verify_VehicleData()[pri:0, instance:testCases.VehicleData_EndToEndTests@6221a451] output={null}]]]>
              </value>
            </param>
          </params>
          <reporter-output>
          </reporter-output>
        </test-method> <!-- getResult -->
      </class> <!-- testCases.VehicleData_EndToEndTests -->
    </test> <!-- Test -->
  </suite> <!-- Suite -->
</testng-results>
